<?xml version="1.0" encoding="UTF-8"?>
<robot generator="Robot 7.4.2 (Python 3.9.6 on darwin)" generated="2026-05-28T15:00:48.928331" rpa="false" schemaversion="5">
<suite id="s1" name="Teste2 Registrar Dose" source="/Library/Developer/Projects/Faculdade/projeto-academico-teste-de-software/tests/ui/teste2_registrar_dose.robot">
<kw name="Preparar Ambiente" type="SETUP">
<kw name="Open Browser" owner="SeleniumLibrary">
<msg time="2026-05-28T15:00:49.028783" level="INFO">Opening browser 'chrome' to base url 'http://localhost:3000/cadastrar'.</msg>
<arg>${URL_CADASTRAR}</arg>
<arg>${BROWSER}</arg>
<doc>Opens a new browser instance to the optional ``url``.</doc>
<status status="PASS" start="2026-05-28T15:00:49.028674" elapsed="1.751927"/>
</kw>
<kw name="Maximize Browser Window" owner="SeleniumLibrary">
<doc>Maximizes current browser window.</doc>
<status status="PASS" start="2026-05-28T15:00:50.782252" elapsed="0.368981"/>
</kw>
<kw name="Wait Until Element Is Visible" owner="SeleniumLibrary">
<arg>id=nome</arg>
<arg>timeout=10s</arg>
<doc>Waits until the element ``locator`` is visible.</doc>
<status status="PASS" start="2026-05-28T15:00:51.151370" elapsed="0.015638"/>
</kw>
<kw name="Input Text" owner="SeleniumLibrary">
<msg time="2026-05-28T15:00:51.167269" level="INFO">Typing text 'Losartana' into text field 'id=nome'.</msg>
<arg>id=nome</arg>
<arg>Losartana</arg>
<doc>Types the given ``text`` into the text field identified by ``locator``.</doc>
<status status="PASS" start="2026-05-28T15:00:51.167133" elapsed="0.086143"/>
</kw>
<kw name="Input Text" owner="SeleniumLibrary">
<msg time="2026-05-28T15:00:51.253561" level="INFO">Typing text '50mg' into text field 'id=dosagem'.</msg>
<arg>id=dosagem</arg>
<arg>50mg</arg>
<doc>Types the given ``text`` into the text field identified by ``locator``.</doc>
<status status="PASS" start="2026-05-28T15:00:51.253418" elapsed="0.041948"/>
</kw>
<kw name="Input Text" owner="SeleniumLibrary">
<msg time="2026-05-28T15:00:51.295633" level="INFO">Typing text '08:00' into text field 'id=horario'.</msg>
<arg>id=horario</arg>
<arg>08:00</arg>
<doc>Types the given ``text`` into the text field identified by ``locator``.</doc>
<status status="PASS" start="2026-05-28T15:00:51.295494" elapsed="0.032731"/>
</kw>
<kw name="Click Button" owner="SeleniumLibrary">
<msg time="2026-05-28T15:00:51.328516" level="INFO">Clicking button 'id=btn-cadastrar'.</msg>
<arg>id=btn-cadastrar</arg>
<doc>Clicks the button identified by ``locator``.</doc>
<status status="PASS" start="2026-05-28T15:00:51.328367" elapsed="0.038460"/>
</kw>
<kw name="Sleep" owner="BuiltIn">
<msg time="2026-05-28T15:00:52.369584" level="INFO">Slept 1 second.</msg>
<arg>1s</arg>
<doc>Pauses the test executed for the given time.</doc>
<status status="PASS" start="2026-05-28T15:00:51.367023" elapsed="1.002995"/>
</kw>
<status status="PASS" start="2026-05-28T15:00:49.028356" elapsed="3.342190"/>
</kw>
<test id="s1-t1" name="CT01 - Deve registrar dose com medicamento e administrador válidos" line="18">
<kw name="Dado que o usuario acessa a tela de registro de dose">
<kw name="Go To" owner="SeleniumLibrary">
<msg time="2026-05-28T15:00:52.375928" level="INFO">Opening url 'http://localhost:3000/registrar-dose'</msg>
<arg>${URL_DOSE}</arg>
<doc>Navigates the current browser window to the provided ``url``.</doc>
<status status="PASS" start="2026-05-28T15:00:52.375181" elapsed="0.048918"/>
</kw>
<kw name="Wait Until Element Is Visible" owner="SeleniumLibrary">
<arg>${BTN_REGISTRAR}</arg>
<arg>timeout=10s</arg>
<doc>Waits until the element ``locator`` is visible.</doc>
<status status="PASS" start="2026-05-28T15:00:52.424417" elapsed="0.008650"/>
</kw>
<status status="PASS" start="2026-05-28T15:00:52.374523" elapsed="0.058640"/>
</kw>
<kw name="E seleciona o primeiro medicamento disponivel">
<kw name="Wait Until Element Is Visible" owner="SeleniumLibrary">
<arg>${SELECT_MED}</arg>
<arg>timeout=5s</arg>
<doc>Waits until the element ``locator`` is visible.</doc>
<status status="PASS" start="2026-05-28T15:00:52.433504" elapsed="0.005940"/>
</kw>
<kw name="Get List Items" owner="SeleniumLibrary">
<msg time="2026-05-28T15:00:52.462888" level="INFO">${options} = ['Selecione...', 'Losartana — 50mg (08:00)', 'Losartana — 50mg (08:00)', 'Losartana — 50mg (08:00)', 'Losartana — 50mg (08:00)']</msg>
<var>${options}</var>
<arg>${SELECT_MED}</arg>
<doc>Returns all labels or values of selection list ``locator``.</doc>
<status status="PASS" start="2026-05-28T15:00:52.439553" elapsed="0.023376"/>
</kw>
<kw name="Get Length" owner="BuiltIn">
<msg time="2026-05-28T15:00:52.463309" level="INFO">Length is 5.</msg>
<msg time="2026-05-28T15:00:52.463356" level="INFO">${tamanho} = 5</msg>
<var>${tamanho}</var>
<arg>${options}</arg>
<doc>Returns and logs the length of the given item as an integer.</doc>
<status status="PASS" start="2026-05-28T15:00:52.463049" elapsed="0.000321"/>
</kw>
<kw name="Run Keyword If" owner="BuiltIn">
<kw name="Select From List By Index" owner="SeleniumLibrary">
<msg time="2026-05-28T15:00:52.463920" level="INFO">Selecting options from selection list 'id=medicamentoId' by index 1.</msg>
<arg>${SELECT_MED}</arg>
<arg>1</arg>
<doc>Selects options from selection list ``locator`` by ``indexes``.</doc>
<status status="PASS" start="2026-05-28T15:00:52.463754" elapsed="0.024704"/>
</kw>
<arg>${tamanho} &gt; 1</arg>
<arg>Select From List By Index</arg>
<arg>${SELECT_MED}</arg>
<arg>1</arg>
<doc>Runs the given keyword with the given arguments, if ``condition`` is true.</doc>
<status status="PASS" start="2026-05-28T15:00:52.463455" elapsed="0.025073"/>
</kw>
<status status="PASS" start="2026-05-28T15:00:52.433327" elapsed="0.055255"/>
</kw>
<kw name="E informa quem administrou">
<kw name="Clear Element Text" owner="SeleniumLibrary">
<arg>${INPUT_ADM}</arg>
<doc>Clears the value of the text-input-element identified by ``locator``.</doc>
<status status="PASS" start="2026-05-28T15:00:52.488920" elapsed="0.009285"/>
</kw>
<kw name="Run Keyword If" owner="BuiltIn">
<kw name="Input Text" owner="SeleniumLibrary">
<msg time="2026-05-28T15:00:52.498885" level="INFO">Typing text 'Maria Silva' into text field 'id=administradoPor'.</msg>
<arg>${INPUT_ADM}</arg>
<arg>${nome}</arg>
<doc>Types the given ``text`` into the text field identified by ``locator``.</doc>
<status status="PASS" start="2026-05-28T15:00:52.498770" elapsed="0.022990"/>
</kw>
<arg>'${nome}' != '${EMPTY}'</arg>
<arg>Input Text</arg>
<arg>${INPUT_ADM}</arg>
<arg>${nome}</arg>
<doc>Runs the given keyword with the given arguments, if ``condition`` is true.</doc>
<status status="PASS" start="2026-05-28T15:00:52.498316" elapsed="0.023531"/>
</kw>
<arg>Maria Silva</arg>
<status status="PASS" start="2026-05-28T15:00:52.488739" elapsed="0.033158"/>
</kw>
<kw name="Quando solicita o registro">
<kw name="Click Button" owner="SeleniumLibrary">
<msg time="2026-05-28T15:00:52.522324" level="INFO">Clicking button 'id=btn-registrar'.</msg>
<arg>${BTN_REGISTRAR}</arg>
<doc>Clicks the button identified by ``locator``.</doc>
<status status="PASS" start="2026-05-28T15:00:52.522210" elapsed="0.019374"/>
</kw>
<kw name="Sleep" owner="BuiltIn">
<msg time="2026-05-28T15:00:53.542262" level="INFO">Slept 1 second.</msg>
<arg>1s</arg>
<doc>Pauses the test executed for the given time.</doc>
<status status="PASS" start="2026-05-28T15:00:52.541721" elapsed="1.000969"/>
</kw>
<status status="PASS" start="2026-05-28T15:00:52.522055" elapsed="1.021002"/>
</kw>
<kw name="Então a mensagem deve ser">
<kw name="Wait Until Element Is Visible" owner="SeleniumLibrary">
<arg>${MENSAGEM}</arg>
<arg>timeout=5s</arg>
<doc>Waits until the element ``locator`` is visible.</doc>
<status status="PASS" start="2026-05-28T15:00:53.544792" elapsed="0.017491"/>
</kw>
<kw name="Element Should Contain" owner="SeleniumLibrary">
<msg time="2026-05-28T15:00:53.571587" level="INFO">Element 'id=mensagem' contains text 'Dose registrada com sucesso!'.</msg>
<arg>${MENSAGEM}</arg>
<arg>${texto}</arg>
<doc>Verifies that element ``locator`` contains text ``expected``.</doc>
<status status="PASS" start="2026-05-28T15:00:53.562556" elapsed="0.009117"/>
</kw>
<arg>Dose registrada com sucesso!</arg>
<status status="PASS" start="2026-05-28T15:00:53.543835" elapsed="0.027935"/>
</kw>
<doc>Particionamento de Equivalência — Partição válida (P3)</doc>
<status status="PASS" start="2026-05-28T15:00:52.371332" elapsed="1.200731"/>
</test>
<test id="s1-t2" name="CT02 - Deve validar administrador obrigatório" line="26">
<kw name="Dado que o usuario acessa a tela de registro de dose">
<kw name="Go To" owner="SeleniumLibrary">
<msg time="2026-05-28T15:00:53.573139" level="INFO">Opening url 'http://localhost:3000/registrar-dose'</msg>
<arg>${URL_DOSE}</arg>
<doc>Navigates the current browser window to the provided ``url``.</doc>
<status status="PASS" start="2026-05-28T15:00:53.573012" elapsed="0.020937"/>
</kw>
<kw name="Wait Until Element Is Visible" owner="SeleniumLibrary">
<arg>${BTN_REGISTRAR}</arg>
<arg>timeout=10s</arg>
<doc>Waits until the element ``locator`` is visible.</doc>
<status status="PASS" start="2026-05-28T15:00:53.594187" elapsed="0.006841"/>
</kw>
<status status="PASS" start="2026-05-28T15:00:53.572782" elapsed="0.028337"/>
</kw>
<kw name="E seleciona o primeiro medicamento disponivel">
<kw name="Wait Until Element Is Visible" owner="SeleniumLibrary">
<arg>${SELECT_MED}</arg>
<arg>timeout=5s</arg>
<doc>Waits until the element ``locator`` is visible.</doc>
<status status="PASS" start="2026-05-28T15:00:53.601477" elapsed="0.005092"/>
</kw>
<kw name="Get List Items" owner="SeleniumLibrary">
<msg time="2026-05-28T15:00:53.630270" level="INFO">${options} = ['Selecione...', 'Losartana — 50mg (08:00)', 'Losartana — 50mg (08:00)', 'Losartana — 50mg (08:00)', 'Losartana — 50mg (08:00)']</msg>
<var>${options}</var>
<arg>${SELECT_MED}</arg>
<doc>Returns all labels or values of selection list ``locator``.</doc>
<status status="PASS" start="2026-05-28T15:00:53.606693" elapsed="0.023609"/>
</kw>
<kw name="Get Length" owner="BuiltIn">
<msg time="2026-05-28T15:00:53.630584" level="INFO">Length is 5.</msg>
<msg time="2026-05-28T15:00:53.630623" level="INFO">${tamanho} = 5</msg>
<var>${tamanho}</var>
<arg>${options}</arg>
<doc>Returns and logs the length of the given item as an integer.</doc>
<status status="PASS" start="2026-05-28T15:00:53.630404" elapsed="0.000232"/>
</kw>
<kw name="Run Keyword If" owner="BuiltIn">
<kw name="Select From List By Index" owner="SeleniumLibrary">
<msg time="2026-05-28T15:00:53.630978" level="INFO">Selecting options from selection list 'id=medicamentoId' by index 1.</msg>
<arg>${SELECT_MED}</arg>
<arg>1</arg>
<doc>Selects options from selection list ``locator`` by ``indexes``.</doc>
<status status="PASS" start="2026-05-28T15:00:53.630886" elapsed="0.019477"/>
</kw>
<arg>${tamanho} &gt; 1</arg>
<arg>Select From List By Index</arg>
<arg>${SELECT_MED}</arg>
<arg>1</arg>
<doc>Runs the given keyword with the given arguments, if ``condition`` is true.</doc>
<status status="PASS" start="2026-05-28T15:00:53.630698" elapsed="0.019735"/>
</kw>
<status status="PASS" start="2026-05-28T15:00:53.601295" elapsed="0.049189"/>
</kw>
<kw name="E informa quem administrou">
<kw name="Clear Element Text" owner="SeleniumLibrary">
<arg>${INPUT_ADM}</arg>
<doc>Clears the value of the text-input-element identified by ``locator``.</doc>
<status status="PASS" start="2026-05-28T15:00:53.651111" elapsed="0.008760"/>
</kw>
<kw name="Run Keyword If" owner="BuiltIn">
<arg>'${nome}' != '${EMPTY}'</arg>
<arg>Input Text</arg>
<arg>${INPUT_ADM}</arg>
<arg>${nome}</arg>
<doc>Runs the given keyword with the given arguments, if ``condition`` is true.</doc>
<status status="PASS" start="2026-05-28T15:00:53.659989" elapsed="0.000373"/>
</kw>
<arg>${EMPTY}</arg>
<status status="PASS" start="2026-05-28T15:00:53.650713" elapsed="0.009690"/>
</kw>
<kw name="Quando solicita o registro">
<kw name="Click Button" owner="SeleniumLibrary">
<msg time="2026-05-28T15:00:53.660831" level="INFO">Clicking button 'id=btn-registrar'.</msg>
<arg>${BTN_REGISTRAR}</arg>
<doc>Clicks the button identified by ``locator``.</doc>
<status status="PASS" start="2026-05-28T15:00:53.660639" elapsed="0.019778"/>
</kw>
<kw name="Sleep" owner="BuiltIn">
<msg time="2026-05-28T15:00:54.681661" level="INFO">Slept 1 second.</msg>
<arg>1s</arg>
<doc>Pauses the test executed for the given time.</doc>
<status status="PASS" start="2026-05-28T15:00:53.680525" elapsed="1.001275"/>
</kw>
<status status="PASS" start="2026-05-28T15:00:53.660515" elapsed="1.021406"/>
</kw>
<kw name="Então a mensagem deve conter">
<kw name="Wait Until Element Is Visible" owner="SeleniumLibrary">
<arg>${MENSAGEM}</arg>
<arg>timeout=5s</arg>
<doc>Waits until the element ``locator`` is visible.</doc>
<status status="PASS" start="2026-05-28T15:00:54.682523" elapsed="0.008772"/>
</kw>
<kw name="Element Should Contain" owner="SeleniumLibrary">
<msg time="2026-05-28T15:00:54.700488" level="INFO">Element 'id=mensagem' contains text 'obrigatório'.</msg>
<arg>${MENSAGEM}</arg>
<arg>${texto}</arg>
<doc>Verifies that element ``locator`` contains text ``expected``.</doc>
<status status="PASS" start="2026-05-28T15:00:54.691550" elapsed="0.009008"/>
</kw>
<arg>obrigatório</arg>
<status status="PASS" start="2026-05-28T15:00:54.682197" elapsed="0.018438"/>
</kw>
<doc>Particionamento de Equivalência — Partição inválida (P1): administrador vazio</doc>
<status status="PASS" start="2026-05-28T15:00:53.572291" elapsed="1.128472"/>
</test>
<test id="s1-t3" name="CT03 - Deve validar sem medicamento selecionado" line="34">
<kw name="Dado que o usuario acessa a tela de registro de dose">
<kw name="Go To" owner="SeleniumLibrary">
<msg time="2026-05-28T15:00:54.701438" level="INFO">Opening url 'http://localhost:3000/registrar-dose'</msg>
<arg>${URL_DOSE}</arg>
<doc>Navigates the current browser window to the provided ``url``.</doc>
<status status="PASS" start="2026-05-28T15:00:54.701351" elapsed="0.015734"/>
</kw>
<kw name="Wait Until Element Is Visible" owner="SeleniumLibrary">
<arg>${BTN_REGISTRAR}</arg>
<arg>timeout=10s</arg>
<doc>Waits until the element ``locator`` is visible.</doc>
<status status="PASS" start="2026-05-28T15:00:54.717329" elapsed="0.010559"/>
</kw>
<status status="PASS" start="2026-05-28T15:00:54.701195" elapsed="0.026772"/>
</kw>
<kw name="E nao seleciona medicamento">
<kw name="Select From List By Index" owner="SeleniumLibrary">
<msg time="2026-05-28T15:00:54.728535" level="INFO">Selecting options from selection list 'id=medicamentoId' by index 0.</msg>
<arg>${SELECT_MED}</arg>
<arg>0</arg>
<doc>Selects options from selection list ``locator`` by ``indexes``.</doc>
<status status="PASS" start="2026-05-28T15:00:54.728410" elapsed="0.014059"/>
</kw>
<status status="PASS" start="2026-05-28T15:00:54.728201" elapsed="0.014353"/>
</kw>
<kw name="E informa quem administrou">
<kw name="Clear Element Text" owner="SeleniumLibrary">
<arg>${INPUT_ADM}</arg>
<doc>Clears the value of the text-input-element identified by ``locator``.</doc>
<status status="PASS" start="2026-05-28T15:00:54.742899" elapsed="0.009708"/>
</kw>
<kw name="Run Keyword If" owner="BuiltIn">
<kw name="Input Text" owner="SeleniumLibrary">
<msg time="2026-05-28T15:00:54.753311" level="INFO">Typing text 'João' into text field 'id=administradoPor'.</msg>
<arg>${INPUT_ADM}</arg>
<arg>${nome}</arg>
<doc>Types the given ``text`` into the text field identified by ``locator``.</doc>
<status status="PASS" start="2026-05-28T15:00:54.753181" elapsed="0.021764"/>
</kw>
<arg>'${nome}' != '${EMPTY}'</arg>
<arg>Input Text</arg>
<arg>${INPUT_ADM}</arg>
<arg>${nome}</arg>
<doc>Runs the given keyword with the given arguments, if ``condition`` is true.</doc>
<status status="PASS" start="2026-05-28T15:00:54.752736" elapsed="0.022333"/>
</kw>
<arg>João</arg>
<status status="PASS" start="2026-05-28T15:00:54.742707" elapsed="0.032451"/>
</kw>
<kw name="Quando solicita o registro">
<kw name="Click Button" owner="SeleniumLibrary">
<msg time="2026-05-28T15:00:54.776131" level="INFO">Clicking button 'id=btn-registrar'.</msg>
<arg>${BTN_REGISTRAR}</arg>
<doc>Clicks the button identified by ``locator``.</doc>
<status status="PASS" start="2026-05-28T15:00:54.775862" elapsed="0.023368"/>
</kw>
<kw name="Sleep" owner="BuiltIn">
<msg time="2026-05-28T15:00:55.801100" level="INFO">Slept 1 second.</msg>
<arg>1s</arg>
<doc>Pauses the test executed for the given time.</doc>
<status status="PASS" start="2026-05-28T15:00:54.799450" elapsed="1.002282"/>
</kw>
<status status="PASS" start="2026-05-28T15:00:54.775447" elapsed="1.026638"/>
</kw>
<kw name="Então a mensagem deve conter">
<kw name="Wait Until Element Is Visible" owner="SeleniumLibrary">
<arg>${MENSAGEM}</arg>
<arg>timeout=5s</arg>
<doc>Waits until the element ``locator`` is visible.</doc>
<status status="PASS" start="2026-05-28T15:00:55.803906" elapsed="0.018436"/>
</kw>
<kw name="Element Should Contain" owner="SeleniumLibrary">
<msg time="2026-05-28T15:00:55.833431" level="INFO">Element 'id=mensagem' contains text 'obrigatório'.</msg>
<arg>${MENSAGEM}</arg>
<arg>${texto}</arg>
<doc>Verifies that element ``locator`` contains text ``expected``.</doc>
<status status="PASS" start="2026-05-28T15:00:55.822771" elapsed="0.010791"/>
</kw>
<arg>obrigatório</arg>
<status status="PASS" start="2026-05-28T15:00:55.802876" elapsed="0.030811"/>
</kw>
<doc>Particionamento de Equivalência — Partição inválida (P2): nenhum medicamento selecionado</doc>
<status status="PASS" start="2026-05-28T15:00:54.700892" elapsed="1.133043"/>
</test>
<kw name="Fechar Navegador" type="TEARDOWN">
<kw name="Close Browser" owner="SeleniumLibrary">
<doc>Closes the current browser.</doc>
<status status="PASS" start="2026-05-28T15:00:55.834823" elapsed="0.074432"/>
</kw>
<status status="PASS" start="2026-05-28T15:00:55.834599" elapsed="0.074756"/>
</kw>
<status status="PASS" start="2026-05-28T15:00:48.929221" elapsed="6.980164"/>
</suite>
<statistics>
<total>
<stat pass="3" fail="0" skip="0">All Tests</stat>
</total>
<tag>
</tag>
<suite>
<stat name="Teste2 Registrar Dose" id="s1" pass="3" fail="0" skip="0">Teste2 Registrar Dose</stat>
</suite>
</statistics>
<errors>
<msg time="2026-05-28T15:00:49.027846" level="ERROR">Error in file '/Library/Developer/Projects/Faculdade/projeto-academico-teste-de-software/tests/ui/teste2_registrar_dose.robot' on line 3: Importing library 'RequestsLibrary' failed: ModuleNotFoundError: No module named 'RequestsLibrary'
Traceback (most recent call last):
  None
PYTHONPATH:
  /Users/fontinelles/Library/Python/3.9/bin
  /Applications/Xcode.app/Contents/Developer/Library/Frameworks/Python3.framework/Versions/3.9/lib/python39.zip
  /Applications/Xcode.app/Contents/Developer/Library/Frameworks/Python3.framework/Versions/3.9/lib/python3.9
  /Applications/Xcode.app/Contents/Developer/Library/Frameworks/Python3.framework/Versions/3.9/lib/python3.9/lib-dynload
  /Users/fontinelles/Library/Python/3.9/lib/python/site-packages
  /Applications/Xcode.app/Contents/Developer/Library/Frameworks/Python3.framework/Versions/3.9/lib/python3.9/site-packages</msg>
</errors>
</robot>
